{
  "RSpec": {
    "coverage": {
      "/home/afarhat/workspace/bbb-demo2/bbb-demo2/app/helpers/application_helper.rb": [
        1,
        null
      ],
      "/home/afarhat/workspace/bbb-demo2/bbb-demo2/app/helpers/initialize_helper.rb": [
        1,
        1,
        6,
        6,
        6,
        null,
        6,
        null,
        null
      ],
      "/home/afarhat/workspace/bbb-demo2/bbb-demo2/app/helpers/pages_helper.rb": [
        1,
        null
      ],
      "/home/afarhat/workspace/bbb-demo2/bbb-demo2/app/controllers/pages_controller.rb": [
        1,
        null,
        1,
        1,
        null,
        1,
        3,
        3,
        3,
        null,
        null,
        1,
        1,
        null,
        1,
        null,
        null,
        1,
        1,
        null,
        1,
        null,
        1,
        null,
        1,
        null,
        null,
        1,
        1,
        1,
        1,
        null,
        null,
        null,
        null,
        null,
        null,
        null,
        1,
        0,
        null,
        1,
        1,
        null,
        null,
        null,
        1,
        1,
        1,
        null,
        0,
        null,
        null,
        1,
        1,
        null,
        null
      ],
      "/home/afarhat/workspace/bbb-demo2/bbb-demo2/app/controllers/application_controller.rb": [
        1,
        null
      ],
      "/home/afarhat/workspace/bbb-demo2/bbb-demo2/app/controllers/recordings_controller.rb": [
        1,
        1,
        null,
        1,
        3,
        3,
        null,
        null,
        1,
        0,
        0,
        null,
        null,
        1,
        1,
        null,
        null,
        null
      ],
      "/home/afarhat/workspace/bbb-demo2/bbb-demo2/app/jobs/application_job.rb": [
        0,
        0
      ],
      "/home/afarhat/workspace/bbb-demo2/bbb-demo2/app/models/application_record.rb": [
        0,
        0,
        0
      ],
      "/home/afarhat/workspace/bbb-demo2/bbb-demo2/app/channels/application_cable/channel.rb": [
        0,
        0,
        0,
        0
      ],
      "/home/afarhat/workspace/bbb-demo2/bbb-demo2/app/channels/application_cable/connection.rb": [
        0,
        0,
        0,
        0
      ],
      "/home/afarhat/workspace/bbb-demo2/bbb-demo2/app/mailers/application_mailer.rb": [
        0,
        0,
        0,
        0
      ]
    },
    "timestamp": 1547233719
  }
}
